app/build/intermediates/manifest_merge_blame_file/debug/manifest-merger-blame-debug-report.txt
1<?xml version="1.0" encoding="utf-8"?>
2<manifest xmlns:android="http://schemas.android.com/apk/res/android"
3    package="com.example.electronicservicesmapping"
4    android:versionCode="1"
5    android:versionName="1.0" >
6
7    <uses-sdk
8        android:minSdkVersion="21"
8-->src\main\AndroidManifest.xml
9        android:targetSdkVersion="28" />
9-->src\main\AndroidManifest.xml
10
11    <uses-permission android:name="android.permission.ACCESS_FINE_LOCATION" />
11-->src\main\AndroidManifest.xml:54:5-79
11-->src\main\AndroidManifest.xml:54:22-76
12
13    <!-- Include required permissions for Google Maps API to run. -->
14    <uses-permission android:name="android.permission.ACCESS_NETWORK_STATE" />
14-->[com.google.android.gms:play-services-maps:16.0.0] AndroidManifest.xml:23:5-79
14-->[com.google.android.gms:play-services-maps:16.0.0] AndroidManifest.xml:23:22-76
15    <uses-permission android:name="android.permission.INTERNET" />
15-->[com.google.android.gms:play-services-maps:16.0.0] AndroidManifest.xml:24:5-67
15-->[com.google.android.gms:play-services-maps:16.0.0] AndroidManifest.xml:24:22-64
16
17    <uses-feature
17-->[com.google.android.gms:play-services-maps:16.0.0] AndroidManifest.xml:26:5-28:35
18        android:glEsVersion="0x00020000"
18-->[com.google.android.gms:play-services-maps:16.0.0] AndroidManifest.xml:27:9-41
19        android:required="true" />
19-->[com.google.android.gms:play-services-maps:16.0.0] AndroidManifest.xml:28:9-32
20    <!--
21         The ACCESS_COARSE/FINE_LOCATION permissions are not required to use
22         Google Maps Android API v2, but you must specify either coarse or fine
23         location permissions for the 'MyLocation' functionality.
24    -->
25    <application
25-->src\main\AndroidManifest.xml:9:5-52:19
26        android:allowBackup="true"
26-->src\main\AndroidManifest.xml:10:9-35
27        android:appComponentFactory="android.support.v4.app.CoreComponentFactory"
27-->[com.android.support:support-compat:28.0.0] AndroidManifest.xml:22:18-91
28        android:debuggable="true"
29        android:icon="@mipmap/ic_launcher"
29-->src\main\AndroidManifest.xml:11:9-43
30        android:label="@string/app_name"
30-->src\main\AndroidManifest.xml:12:9-41
31        android:roundIcon="@mipmap/ic_launcher_round"
31-->src\main\AndroidManifest.xml:13:9-54
32        android:supportsRtl="true"
32-->src\main\AndroidManifest.xml:14:9-35
33        android:theme="@style/AppTheme" >
33-->src\main\AndroidManifest.xml:15:9-40
34        <activity android:name="com.example.electronicservicesmapping.DetailActivity" />
34-->src\main\AndroidManifest.xml:16:9-61
34-->src\main\AndroidManifest.xml:16:19-49
35        <!--
36             The API key for Google Maps-based APIs is defined as a string resource.
37             (See the file "res/values/google_maps_api.xml").
38             Note that the API key is linked to the encryption key used to sign the APK.
39             You need a different API key for each encryption key, including the release key that is used to
40             sign the APK for publishing.
41             You can define the keys for the debug and release targets in src/debug/ and src/release/.
42        -->
43        <activity
43-->src\main\AndroidManifest.xml:25:9-27:59
44            android:name="com.example.electronicservicesmapping.MapsActivityPc"
44-->src\main\AndroidManifest.xml:26:13-43
45            android:label="@string/title_activity_maps" />
45-->src\main\AndroidManifest.xml:27:13-56
46        <activity
46-->src\main\AndroidManifest.xml:29:9-31:59
47            android:name="com.example.electronicservicesmapping.MapsActivityPhone"
47-->src\main\AndroidManifest.xml:30:13-46
48            android:label="@string/title_activity_maps" />
48-->src\main\AndroidManifest.xml:31:13-56
49        <activity
49-->src\main\AndroidManifest.xml:32:9-34:59
50            android:name="com.example.electronicservicesmapping.MapsActivityCamera"
50-->src\main\AndroidManifest.xml:33:13-47
51            android:label="@string/title_activity_maps" />
51-->src\main\AndroidManifest.xml:34:13-56
52        <activity android:name="com.example.electronicservicesmapping.Splashscreen" >
52-->src\main\AndroidManifest.xml:35:9-41:20
52-->src\main\AndroidManifest.xml:35:19-47
53            <intent-filter>
53-->src\main\AndroidManifest.xml:36:13-40:29
54                <action android:name="android.intent.action.MAIN" />
54-->src\main\AndroidManifest.xml:37:17-69
54-->src\main\AndroidManifest.xml:37:25-66
55
56                <category android:name="android.intent.category.LAUNCHER" />
56-->src\main\AndroidManifest.xml:39:17-77
56-->src\main\AndroidManifest.xml:39:27-74
57            </intent-filter>
58        </activity>
59        <activity android:name="com.example.electronicservicesmapping.MainActivity" >
59-->src\main\AndroidManifest.xml:42:9-48:20
59-->src\main\AndroidManifest.xml:42:19-47
60            <intent-filter>
60-->src\main\AndroidManifest.xml:36:13-40:29
61                <action android:name="android.intent.action.MAIN" />
61-->src\main\AndroidManifest.xml:37:17-69
61-->src\main\AndroidManifest.xml:37:25-66
62
63                <category android:name="android.intent.category.LAUNCHER" />
63-->src\main\AndroidManifest.xml:39:17-77
63-->src\main\AndroidManifest.xml:39:27-74
64            </intent-filter>
65        </activity>
66
67        <meta-data
67-->src\main\AndroidManifest.xml:49:9-51:55
68            android:name="com.google.android.geo.API_KEY"
68-->src\main\AndroidManifest.xml:50:13-58
69            android:value="@string/google_maps_key" />
69-->src\main\AndroidManifest.xml:51:13-52
70
71        <provider
71-->[com.squareup.picasso:picasso:2.71828] AndroidManifest.xml:8:9-11:40
72            android:name="com.squareup.picasso.PicassoProvider"
72-->[com.squareup.picasso:picasso:2.71828] AndroidManifest.xml:9:13-64
73            android:authorities="com.example.electronicservicesmapping.com.squareup.picasso"
73-->[com.squareup.picasso:picasso:2.71828] AndroidManifest.xml:10:13-72
74            android:exported="false" />
74-->[com.squareup.picasso:picasso:2.71828] AndroidManifest.xml:11:13-37
75
76        <activity
76-->[com.google.android.gms:play-services-base:16.0.1] AndroidManifest.xml:23:9-26:75
77            android:name="com.google.android.gms.common.api.GoogleApiActivity"
77-->[com.google.android.gms:play-services-base:16.0.1] AndroidManifest.xml:24:13-79
78            android:exported="false"
78-->[com.google.android.gms:play-services-base:16.0.1] AndroidManifest.xml:25:13-37
79            android:theme="@android:style/Theme.Translucent.NoTitleBar" />
79-->[com.google.android.gms:play-services-base:16.0.1] AndroidManifest.xml:26:13-72
80
81        <meta-data
81-->[com.google.android.gms:play-services-basement:16.0.1] AndroidManifest.xml:23:9-25:69
82            android:name="com.google.android.gms.version"
82-->[com.google.android.gms:play-services-basement:16.0.1] AndroidManifest.xml:24:13-58
83            android:value="@integer/google_play_services_version" />
83-->[com.google.android.gms:play-services-basement:16.0.1] AndroidManifest.xml:25:13-66
84        <meta-data
84-->[com.android.support:support-v4:26.1.0] AndroidManifest.xml:26:9-28:38
85            android:name="android.support.VERSION"
85-->[com.android.support:support-v4:26.1.0] AndroidManifest.xml:27:13-51
86            android:value="26.1.0" />
86-->[com.android.support:support-v4:26.1.0] AndroidManifest.xml:28:13-35
87    </application>
88
89</manifest>